# JRE version: OpenJDK Runtime Environment Temurin-21.0.12.1+1 (21.0.12.1+1) (build 21.0.12.1+1-LTS)
# Java VM: OpenJDK 64-Bit Server VM Temurin-21.0.12.1+1 (21.0.12.1+1-LTS, mixed mode, sharing, tiered, compressed oops, compressed class ptrs, parallel gc, windows-amd64)
GC Precious Log:
 CardTable entry size: 512
 CPUs: 12 total, 12 available
 Memory: 7521M
 Large Page Support: Disabled
 NUMA Support: Disabled
 Compressed Oops: Enabled (32-bit)
 Alignments: Space 512K, Generation 512K, Heap 2M
 Heap Min Capacity: 100M
 Heap Initial Capacity: 100M
 Heap Max Capacity: 2G
 Pre-touch: Disabled
 Parallel Workers: 10
Heap:
 PSYoungGen      total 4608K, used 1715K [0x00000000d5580000, 0x00000000d5b80000, 0x0000000100000000)
  eden space 3072K, 14% used [0x00000000d5580000,0x00000000d55f0f90,0x00000000d5880000)
  from space 1536K, 82% used [0x00000000d5a00000,0x00000000d5b3c040,0x00000000d5b80000)
  to   space 1536K, 0% used [0x00000000d5880000,0x00000000d5880000,0x00000000d5a00000)
 ParOldGen       total 1398272K, used 58356K [0x0000000080000000, 0x00000000d5580000, 0x00000000d5580000)
  object space 1398272K, 4% used [0x0000000080000000,0x00000000838fd050,0x00000000d5580000)
 Metaspace       used 70321K, committed 71744K, reserved 1114112K
  class space    used 7131K, committed 7872K, reserved 1048576K
GC Heap History (20 events):
Event: 89726.720 GC heap before
{Heap before GC invocations=120 (full 5):
 PSYoungGen      total 5120K, used 4928K [0x00000000d5580000, 0x00000000d5c00000, 0x0000000100000000)
  eden space 3584K, 100% used [0x00000000d5580000,0x00000000d5900000,0x00000000d5900000)
  from space 1536K, 87% used [0x00000000d5a80000,0x00000000d5bd0050,0x00000000d5c00000)
  to   space 1536K, 0% used [0x00000000d5900000,0x00000000d5900000,0x00000000d5a80000)
 ParOldGen       total 1398272K, used 57824K [0x0000000080000000, 0x00000000d5580000, 0x00000000d5580000)
  object space 1398272K, 4% used [0x0000000080000000,0x0000000083878180,0x00000000d5580000)
 Metaspace       used 70246K, committed 71680K, reserved 1114112K
  class space    used 7131K, committed 7872K, reserved 1048576K
}
Event: 89726.722 GC heap after
{Heap after GC invocations=120 (full 5):
 PSYoungGen      total 5120K, used 1488K [0x00000000d5580000, 0x00000000d5c00000, 0x0000000100000000)
  eden space 3584K, 0% used [0x00000000d5580000,0x00000000d5580000,0x00000000d5900000)
  from space 1536K, 96% used [0x00000000d5900000,0x00000000d5a74040,0x00000000d5a80000)
  to   space 1536K, 0% used [0x00000000d5a80000,0x00000000d5a80000,0x00000000d5c00000)
 ParOldGen       total 1398272K, used 57824K [0x0000000080000000, 0x00000000d5580000, 0x00000000d5580000)
  object space 1398272K, 4% used [0x0000000080000000,0x0000000083878180,0x00000000d5580000)
 Metaspace       used 70246K, committed 71680K, reserved 1114112K
  class space    used 7131K, committed 7872K, reserved 1048576K
}
Event: 89727.278 GC heap before
{Heap before GC invocations=121 (full 5):
 PSYoungGen      total 5120K, used 5072K [0x00000000d5580000, 0x00000000d5c00000, 0x0000000100000000)
  eden space 3584K, 100% used [0x00000000d5580000,0x00000000d5900000,0x00000000d5900000)
  from space 1536K, 96% used [0x00000000d5900000,0x00000000d5a74040,0x00000000d5a80000)
  to   space 1536K, 0% used [0x00000000d5a80000,0x00000000d5a80000,0x00000000d5c00000)
 ParOldGen       total 1398272K, used 57824K [0x0000000080000000, 0x00000000d5580000, 0x00000000d5580000)
  object space 1398272K, 4% used [0x0000000080000000,0x0000000083878180,0x00000000d5580000)
 Metaspace       used 70256K, committed 71680K, reserved 1114112K
  class space    used 7131K, committed 7872K, reserved 1048576K
}
Event: 89727.280 GC heap after
{Heap after GC invocations=121 (full 5):
 PSYoungGen      total 4608K, used 1520K [0x00000000d5580000, 0x00000000d5d00000, 0x0000000100000000)
  eden space 3072K, 0% used [0x00000000d5580000,0x00000000d5580000,0x00000000d5880000)
  from space 1536K, 98% used [0x00000000d5a80000,0x00000000d5bfc060,0x00000000d5c00000)
  to   space 2048K, 0% used [0x00000000d5880000,0x00000000d5880000,0x00000000d5a80000)
 ParOldGen       total 1398272K, used 57832K [0x0000000080000000, 0x00000000d5580000, 0x00000000d5580000)
  object space 1398272K, 4% used [0x0000000080000000,0x000000008387a180,0x00000000d5580000)
 Metaspace       used 70256K, committed 71680K, reserved 1114112K
  class space    used 7131K, committed 7872K, reserved 1048576K
}
Event: 89733.927 GC heap before
{Heap before GC invocations=122 (full 5):
 PSYoungGen      total 4608K, used 4592K [0x00000000d5580000, 0x00000000d5d00000, 0x0000000100000000)
  eden space 3072K, 100% used [0x00000000d5580000,0x00000000d5880000,0x00000000d5880000)
  from space 1536K, 98% used [0x00000000d5a80000,0x00000000d5bfc060,0x00000000d5c00000)
  to   space 2048K, 0% used [0x00000000d5880000,0x00000000d5880000,0x00000000d5a80000)
 ParOldGen       total 1398272K, used 57832K [0x0000000080000000, 0x00000000d5580000, 0x00000000d5580000)
  object space 1398272K, 4% used [0x0000000080000000,0x000000008387a180,0x00000000d5580000)
 Metaspace       used 70258K, committed 71744K, reserved 1114112K
  class space    used 7131K, committed 7872K, reserved 1048576K
}
Event: 89733.929 GC heap after
{Heap after GC invocations=122 (full 5):
 PSYoungGen      total 4608K, used 1488K [0x00000000d5580000, 0x00000000d5b80000, 0x0000000100000000)
  eden space 3072K, 0% used [0x00000000d5580000,0x00000000d5580000,0x00000000d5880000)
  from space 1536K, 96% used [0x00000000d5880000,0x00000000d59f4040,0x00000000d5a00000)
  to   space 1536K, 0% used [0x00000000d5a00000,0x00000000d5a00000,0x00000000d5b80000)
 ParOldGen       total 1398272K, used 57856K [0x0000000080000000, 0x00000000d5580000, 0x00000000d5580000)
  object space 1398272K, 4% used [0x0000000080000000,0x0000000083880180,0x00000000d5580000)
 Metaspace       used 70258K, committed 71744K, reserved 1114112K
  class space    used 7131K, committed 7872K, reserved 1048576K
}
Event: 89734.520 GC heap before
{Heap before GC invocations=123 (full 5):
 PSYoungGen      total 4608K, used 4560K [0x00000000d5580000, 0x00000000d5b80000, 0x0000000100000000)
  eden space 3072K, 100% used [0x00000000d5580000,0x00000000d5880000,0x00000000d5880000)
  from space 1536K, 96% used [0x00000000d5880000,0x00000000d59f4040,0x00000000d5a00000)
  to   space 1536K, 0% used [0x00000000d5a00000,0x00000000d5a00000,0x00000000d5b80000)
 ParOldGen       total 1398272K, used 57856K [0x0000000080000000, 0x00000000d5580000, 0x00000000d5580000)
  object space 1398272K, 4% used [0x0000000080000000,0x0000000083880180,0x00000000d5580000)
 Metaspace       used 70267K, committed 71744K, reserved 1114112K
  class space    used 7131K, committed 7872K, reserved 1048576K
}
Event: 89734.521 GC heap after
{Heap after GC invocations=123 (full 5):
 PSYoungGen      total 4608K, used 1504K [0x00000000d5580000, 0x00000000d5b80000, 0x0000000100000000)
  eden space 3072K, 0% used [0x00000000d5580000,0x00000000d5580000,0x00000000d5880000)
  from space 1536K, 97% used [0x00000000d5a00000,0x00000000d5b78050,0x00000000d5b80000)
  to   space 1536K, 0% used [0x00000000d5880000,0x00000000d5880000,0x00000000d5a00000)
 ParOldGen       total 1398272K, used 57856K [0x0000000080000000, 0x00000000d5580000, 0x00000000d5580000)
  object space 1398272K, 4% used [0x0000000080000000,0x0000000083880180,0x00000000d5580000)
 Metaspace       used 70267K, committed 71744K, reserved 1114112K
  class space    used 7131K, committed 7872K, reserved 1048576K
}
Event: 89735.100 GC heap before
{Heap before GC invocations=124 (full 5):
 PSYoungGen      total 4608K, used 4576K [0x00000000d5580000, 0x00000000d5b80000, 0x0000000100000000)
  eden space 3072K, 100% used [0x00000000d5580000,0x00000000d5880000,0x00000000d5880000)
  from space 1536K, 97% used [0x00000000d5a00000,0x00000000d5b78050,0x00000000d5b80000)
  to   space 1536K, 0% used [0x00000000d5880000,0x00000000d5880000,0x00000000d5a00000)
 ParOldGen       total 1398272K, used 57856K [0x0000000080000000, 0x00000000d5580000, 0x00000000d5580000)
  object space 1398272K, 4% used [0x0000000080000000,0x0000000083880180,0x00000000d5580000)
 Metaspace       used 70273K, committed 71744K, reserved 1114112K
  class space    used 7131K, committed 7872K, reserved 1048576K
}
Event: 89735.101 GC heap after
{Heap after GC invocations=124 (full 5):
 PSYoungGen      total 4608K, used 1520K [0x00000000d5580000, 0x00000000d5c80000, 0x0000000100000000)
  eden space 3072K, 0% used [0x00000000d5580000,0x00000000d5580000,0x00000000d5880000)
  from space 1536K, 98% used [0x00000000d5880000,0x00000000d59fc040,0x00000000d5a00000)
  to   space 2048K, 0% used [0x00000000d5a80000,0x00000000d5a80000,0x00000000d5c80000)
 ParOldGen       total 1398272K, used 57880K [0x0000000080000000, 0x00000000d5580000, 0x00000000d5580000)
  object space 1398272K, 4% used [0x0000000080000000,0x0000000083886180,0x00000000d5580000)
 Metaspace       used 70273K, committed 71744K, reserved 1114112K
  class space    used 7131K, committed 7872K, reserved 1048576K
}
Event: 89735.515 GC heap before
{Heap before GC invocations=125 (full 5):
 PSYoungGen      total 4608K, used 4577K [0x00000000d5580000, 0x00000000d5c80000, 0x0000000100000000)
  eden space 3072K, 99% used [0x00000000d5580000,0x00000000d587c708,0x00000000d5880000)
  from space 1536K, 98% used [0x00000000d5880000,0x00000000d59fc040,0x00000000d5a00000)
  to   space 2048K, 0% used [0x00000000d5a80000,0x00000000d5a80000,0x00000000d5c80000)
 ParOldGen       total 1398272K, used 57880K [0x0000000080000000, 0x00000000d5580000, 0x00000000d5580000)
  object space 1398272K, 4% used [0x0000000080000000,0x0000000083886180,0x00000000d5580000)
 Metaspace       used 70278K, committed 71744K, reserved 1114112K
  class space    used 7131K, committed 7872K, reserved 1048576K
}
Event: 89735.517 GC heap after
{Heap after GC invocations=125 (full 5):
 PSYoungGen      total 4096K, used 880K [0x00000000d5580000, 0x00000000d5b80000, 0x0000000100000000)
  eden space 3072K, 0% used [0x00000000d5580000,0x00000000d5580000,0x00000000d5880000)
  from space 1024K, 85% used [0x00000000d5a80000,0x00000000d5b5c040,0x00000000d5b80000)
  to   space 1536K, 0% used [0x00000000d5880000,0x00000000d5880000,0x00000000d5a00000)
 ParOldGen       total 1398272K, used 58173K [0x0000000080000000, 0x00000000d5580000, 0x00000000d5580000)
  object space 1398272K, 4% used [0x0000000080000000,0x00000000838cf610,0x00000000d5580000)
 Metaspace       used 70278K, committed 71744K, reserved 1114112K
  class space    used 7131K, committed 7872K, reserved 1048576K
}
Event: 89735.993 GC heap before
{Heap before GC invocations=126 (full 5):
 PSYoungGen      total 4096K, used 3952K [0x00000000d5580000, 0x00000000d5b80000, 0x0000000100000000)
  eden space 3072K, 100% used [0x00000000d5580000,0x00000000d5880000,0x00000000d5880000)
  from space 1024K, 85% used [0x00000000d5a80000,0x00000000d5b5c040,0x00000000d5b80000)
  to   space 1536K, 0% used [0x00000000d5880000,0x00000000d5880000,0x00000000d5a00000)
 ParOldGen       total 1398272K, used 58173K [0x0000000080000000, 0x00000000d5580000, 0x00000000d5580000)
  object space 1398272K, 4% used [0x0000000080000000,0x00000000838cf610,0x00000000d5580000)
 Metaspace       used 70283K, committed 71744K, reserved 1114112K
  class space    used 7131K, committed 7872K, reserved 1048576K
}
Event: 89735.994 GC heap after
{Heap after GC invocations=126 (full 5):
 PSYoungGen      total 4608K, used 1328K [0x00000000d5580000, 0x00000000d5b80000, 0x0000000100000000)
  eden space 3072K, 0% used [0x00000000d5580000,0x00000000d5580000,0x00000000d5880000)
  from space 1536K, 86% used [0x00000000d5880000,0x00000000d59cc040,0x00000000d5a00000)
  to   space 1536K, 0% used [0x00000000d5a00000,0x00000000d5a00000,0x00000000d5b80000)
 ParOldGen       total 1398272K, used 58173K [0x0000000080000000, 0x00000000d5580000, 0x00000000d5580000)
  object space 1398272K, 4% used [0x0000000080000000,0x00000000838cf610,0x00000000d5580000)
 Metaspace       used 70283K, committed 71744K, reserved 1114112K
  class space    used 7131K, committed 7872K, reserved 1048576K
}
Event: 89736.572 GC heap before
{Heap before GC invocations=127 (full 5):
 PSYoungGen      total 4608K, used 4400K [0x00000000d5580000, 0x00000000d5b80000, 0x0000000100000000)
  eden space 3072K, 100% used [0x00000000d5580000,0x00000000d5880000,0x00000000d5880000)
  from space 1536K, 86% used [0x00000000d5880000,0x00000000d59cc040,0x00000000d5a00000)
  to   space 1536K, 0% used [0x00000000d5a00000,0x00000000d5a00000,0x00000000d5b80000)
 ParOldGen       total 1398272K, used 58173K [0x0000000080000000, 0x00000000d5580000, 0x00000000d5580000)
  object space 1398272K, 4% used [0x0000000080000000,0x00000000838cf610,0x00000000d5580000)
 Metaspace       used 70293K, committed 71744K, reserved 1114112K
  class space    used 7131K, committed 7872K, reserved 1048576K
}
Event: 89736.573 GC heap after
{Heap after GC invocations=127 (full 5):
 PSYoungGen      total 4608K, used 1216K [0x00000000d5580000, 0x00000000d5b80000, 0x0000000100000000)
  eden space 3072K, 0% used [0x00000000d5580000,0x00000000d5580000,0x00000000d5880000)
  from space 1536K, 79% used [0x00000000d5a00000,0x00000000d5b30030,0x00000000d5b80000)
  to   space 1536K, 0% used [0x00000000d5880000,0x00000000d5880000,0x00000000d5a00000)
 ParOldGen       total 1398272K, used 58189K [0x0000000080000000, 0x00000000d5580000, 0x00000000d5580000)
  object space 1398272K, 4% used [0x0000000080000000,0x00000000838d3610,0x00000000d5580000)
 Metaspace       used 70293K, committed 71744K, reserved 1114112K
  class space    used 7131K, committed 7872K, reserved 1048576K
}
Event: 89737.158 GC heap before
{Heap before GC invocations=128 (full 5):
 PSYoungGen      total 4608K, used 4288K [0x00000000d5580000, 0x00000000d5b80000, 0x0000000100000000)
  eden space 3072K, 100% used [0x00000000d5580000,0x00000000d5880000,0x00000000d5880000)
  from space 1536K, 79% used [0x00000000d5a00000,0x00000000d5b30030,0x00000000d5b80000)
  to   space 1536K, 0% used [0x00000000d5880000,0x00000000d5880000,0x00000000d5a00000)
 ParOldGen       total 1398272K, used 58189K [0x0000000080000000, 0x00000000d5580000, 0x00000000d5580000)
  object space 1398272K, 4% used [0x0000000080000000,0x00000000838d3610,0x00000000d5580000)
 Metaspace       used 70301K, committed 71744K, reserved 1114112K
  class space    used 7131K, committed 7872K, reserved 1048576K
}
Event: 89737.159 GC heap after
{Heap after GC invocations=128 (full 5):
 PSYoungGen      total 4608K, used 1360K [0x00000000d5580000, 0x00000000d5b80000, 0x0000000100000000)
  eden space 3072K, 0% used [0x00000000d5580000,0x00000000d5580000,0x00000000d5880000)
  from space 1536K, 88% used [0x00000000d5880000,0x00000000d59d4060,0x00000000d5a00000)
  to   space 1536K, 0% used [0x00000000d5a00000,0x00000000d5a00000,0x00000000d5b80000)
 ParOldGen       total 1398272K, used 58252K [0x0000000080000000, 0x00000000d5580000, 0x00000000d5580000)
  object space 1398272K, 4% used [0x0000000080000000,0x00000000838e3050,0x00000000d5580000)
 Metaspace       used 70301K, committed 71744K, reserved 1114112K
  class space    used 7131K, committed 7872K, reserved 1048576K
}
Event: 89737.232 GC heap before
{Heap before GC invocations=129 (full 5):
 PSYoungGen      total 4608K, used 4432K [0x00000000d5580000, 0x00000000d5b80000, 0x0000000100000000)
  eden space 3072K, 100% used [0x00000000d5580000,0x00000000d5880000,0x00000000d5880000)
  from space 1536K, 88% used [0x00000000d5880000,0x00000000d59d4060,0x00000000d5a00000)
  to   space 1536K, 0% used [0x00000000d5a00000,0x00000000d5a00000,0x00000000d5b80000)
 ParOldGen       total 1398272K, used 58252K [0x0000000080000000, 0x00000000d5580000, 0x00000000d5580000)
  object space 1398272K, 4% used [0x0000000080000000,0x00000000838e3050,0x00000000d5580000)
 Metaspace       used 70319K, committed 71744K, reserved 1114112K
  class space    used 7131K, committed 7872K, reserved 1048576K
}
Event: 89737.234 GC heap after
{Heap after GC invocations=129 (full 5):
 PSYoungGen      total 4608K, used 1264K [0x00000000d5580000, 0x00000000d5b80000, 0x0000000100000000)
  eden space 3072K, 0% used [0x00000000d5580000,0x00000000d5580000,0x00000000d5880000)
  from space 1536K, 82% used [0x00000000d5a00000,0x00000000d5b3c040,0x00000000d5b80000)
  to   space 1536K, 0% used [0x00000000d5880000,0x00000000d5880000,0x00000000d5a00000)
 ParOldGen       total 1398272K, used 58356K [0x0000000080000000, 0x00000000d5580000, 0x00000000d5580000)
  object space 1398272K, 4% used [0x0000000080000000,0x00000000838fd050,0x00000000d5580000)
 Metaspace       used 70319K, committed 71744K, reserved 1114112K
  class space    used 7131K, committed 7872K, reserved 1048576K
}

